#
# A fatal error has been detected by the Java Runtime Environment:
#
#  EXCEPTION_ACCESS_VIOLATION (0xc0000005) at pc=0x53f3f309, pid=8164, tid=8488
#
# JRE version: Java(TM) SE Runtime Environment (8.0_45-b15) (build 1.8.0_45-b15)
# Java VM: Java HotSpot(TM) Client VM (25.45-b02 mixed mode windows-x86 )
# Problematic frame:
# V  [jvm.dll+0xaf309]
#
# Failed to write core dump. Minidumps are not enabled by default on client versions of Windows
#
# If you would like to submit a bug report, please visit:
#   http://bugreport.java.com/bugreport/crash.jsp
#

---------------  T H R E A D  ---------------

Current thread (0x14e4c000):  VMThread [stack: 0x04720000,0x04770000] [id=8488]

siginfo: ExceptionCode=0xc0000005, reading address 0x00000014

Registers:
EAX=0x00000800, EBX=0x16f71950, ECX=0x16614880, EDX=0x0000000c
ESP=0x0476f2c8, EBP=0x0476f2e4, ESI=0x16f031d0, EDI=0x16f0320c
EIP=0x53f3f309, EFLAGS=0x00010202

Top of Stack: (sp=0x0476f2c8)
0x0476f2c8:   0476f3c8 16f71840 16f03080 16f031d0
0x0476f2d8:   0476f2f0 16c2a050 00000003 0476f364
0x0476f2e8:   53fb5a12 161f27c0 161f27d0 00000003
0x0476f2f8:   0476f363 17395bd0 0476f3c8 16f03080
0x0476f308:   14e4c000 00d77720 14e4c360 14e4c368
0x0476f318:   14e4c454 000000ec 0476f394 14e4c000
0x0476f328:   00000000 00000000 00000000 16c28450
0x0476f338:   14e4c000 14e4c360 14e4c368 14e4c454 

Instructions: (pc=0x53f3f309)
0x53f3f2e9:   c2 01 0f 84 85 00 00 00 8b 47 08 c1 e8 14 a8 01
0x53f3f2f9:   74 05 8b 5f 04 eb 14 83 3f 00 74 71 8b 0f 8b 11
0x53f3f309:   8b 42 08 ff d0 84 c0 74 64 8b 1f 85 db 74 5e 8b
0x53f3f319:   13 8b 42 08 8b cb ff d0 84 c0 74 51 8b 45 f8 85 


Register to memory mapping:

EAX=0x00000800 is an unknown value
EBX={method} {0x16f71954} '<init>' '(Lorg/ancloud/fs/StorageService;)V' in 'Application$$Lambda$12'
ECX=0x16614880 is pointing into metadata
EDX=0x0000000c is an unknown value
ESP=0x0476f2c8 is an unknown value
EBP=0x0476f2e4 is an unknown value
ESI=0x16f031d0 is pointing into metadata
EDI=0x16f0320c is pointing into metadata


Stack: [0x04720000,0x04770000],  sp=0x0476f2c8,  free space=316k
Native frames: (J=compiled Java code, j=interpreted, Vv=VM code, C=native code)
V  [jvm.dll+0xaf309]
V  [jvm.dll+0x125a12]
V  [jvm.dll+0x3cdc9]
V  [jvm.dll+0x125fc1]
V  [jvm.dll+0x1261f9]
V  [jvm.dll+0x17e18b]
V  [jvm.dll+0x17d591]
V  [jvm.dll+0x17d9a7]
V  [jvm.dll+0x17dba2]
V  [jvm.dll+0x1bd6e6]
C  [msvcr100.dll+0x5c556]
C  [msvcr100.dll+0x5c600]
C  [kernel32.dll+0x1336a]
C  [ntdll.dll+0x39902]
C  [ntdll.dll+0x398d5]

VM_Operation (0x1563f604): RedefineClasses, mode: safepoint, requested by thread 0x14e99c00


---------------  P R O C E S S  ---------------

Java Threads: ( => current thread )
  0x15e12c00 JavaThread "File Watcher" daemon [_thread_blocked, id=12064, stack(0x191b0000,0x19200000)]
  0x15e11c00 JavaThread "Thread-31" [_thread_blocked, id=11900, stack(0x18650000,0x186a0000)]
  0x1759fc00 JavaThread "restartedMain" [_thread_blocked, id=9308, stack(0x19090000,0x190e0000)]
  0x1759d400 JavaThread "Thread-26" [_thread_blocked, id=10740, stack(0x19830000,0x19880000)]
  0x1759e000 JavaThread "restartedMain" [_thread_blocked, id=8432, stack(0x18dc0000,0x18e10000)]
  0x1759c400 JavaThread "Thread-19" [_thread_blocked, id=6048, stack(0x196b0000,0x19700000)]
  0x15e10800 JavaThread "restartedMain" [_thread_blocked, id=12612, stack(0x18d70000,0x18dc0000)]
  0x15e0fc00 JavaThread "File Watcher" daemon [_thread_blocked, id=6364, stack(0x18c20000,0x18c70000)]
  0x15e10000 JavaThread "Thread-14" [_thread_blocked, id=8080, stack(0x183d0000,0x18420000)]
  0x1759c800 JavaThread "restartedMain" [_thread_blocked, id=11400, stack(0x18bb0000,0x18c00000)]
  0x1759d000 JavaThread "Thread-9" [_thread_blocked, id=8636, stack(0x192f0000,0x19340000)]
  0x1759dc00 JavaThread "DestroyJavaVM" [_thread_blocked, id=13260, stack(0x00820000,0x00870000)]
  0x17585c00 JavaThread "Live Reload Server" daemon [_thread_in_native, id=12128, stack(0x18ce0000,0x18d30000)]
  0x14ed2c00 JavaThread "Service Thread" daemon [_thread_blocked, id=12656, stack(0x157d0000,0x15820000)]
  0x14eac800 JavaThread "C1 CompilerThread0" daemon [_thread_blocked, id=6268, stack(0x00ea0000,0x00ef0000)]
  0x14ea3c00 JavaThread "JDWP Command Reader" daemon [_thread_in_native, id=12264, stack(0x15410000,0x15460000)]
  0x14e9d000 JavaThread "JDWP Event Helper Thread" daemon [_thread_blocked, id=8940, stack(0x153c0000,0x15410000)]
  0x14e99c00 JavaThread "JDWP Transport Listener: dt_socket" daemon [_thread_blocked, id=7280, stack(0x155f0000,0x15640000)]
  0x14e8b000 JavaThread "Attach Listener" daemon [_thread_blocked, id=12948, stack(0x151c0000,0x15210000)]
  0x14e88000 JavaThread "Signal Dispatcher" daemon [_thread_blocked, id=6196, stack(0x15170000,0x151c0000)]
  0x14e55400 JavaThread "Finalizer" daemon [_thread_blocked, id=6764, stack(0x01200000,0x01250000)]
  0x14e50400 JavaThread "Reference Handler" daemon [_thread_blocked, id=12788, stack(0x14d40000,0x14d90000)]

Other Threads:
=>0x14e4c000 VMThread [stack: 0x04720000,0x04770000] [id=8488]
  0x14ed3c00 WatcherThread [stack: 0x15820000,0x15870000] [id=10424]

VM state:at safepoint (normal execution)

VM Mutex/Monitor currently owned by a thread:  ([mutex/lock_event])
[0x008acdb0] Threads_lock - owner thread: 0x14e4c000

Heap:
 def new generation   total 15488K, used 5013K [0x04800000, 0x058c0000, 0x09d50000)
  eden space 13824K,  36% used [0x04800000, 0x04ce5498, 0x05580000)
  from space 1664K,   0% used [0x05720000, 0x05720000, 0x058c0000)
  to   space 1664K,   0% used [0x05580000, 0x05580000, 0x05720000)
 tenured generation   total 34140K, used 20399K [0x09d50000, 0x0bea7000, 0x14800000)
   the space 34140K,  59% used [0x09d50000, 0x0b13bdf8, 0x0b13be00, 0x0bea7000)
 Metaspace       used 22631K, capacity 22975K, committed 23040K, reserved 23936K

Card table byte_map: [0x008b0000,0x00940000] byte_map_base: 0x0088c000

Polling page: 0x00170000

CodeCache: size=32768Kb used=4650Kb max_used=5121Kb free=28117Kb
 bounds [0x026a0000, 0x02ba8000, 0x046a0000]
 total_blobs=2289 nmethods=1865 adapters=362
 compilation: enabled

Compilation events (10 events):
Event: 673.499 Thread 0x14eac800 3782             org.springframework.boot.devtools.filewatch.FileSystemWatcher$Watcher::getCurrentSnapshots (63 bytes)
Event: 673.499 Thread 0x14eac800 nmethod 3782 0x02976688 code [0x02976800, 0x02976aa0]
Event: 674.312 Thread 0x14eac800 3783             java.lang.String::startsWith (72 bytes)
Event: 674.313 Thread 0x14eac800 nmethod 3783 0x029762c8 code [0x029763d0, 0x02976510]
Event: 674.315 Thread 0x14eac800 3784             sun.misc.MetaIndex::mayContain (51 bytes)
Event: 674.316 Thread 0x14eac800 nmethod 3784 0x028b9b48 code [0x028b9c70, 0x028b9de8]
Event: 674.331 Thread 0x14eac800 3785             java.util.HashSet::remove (20 bytes)
Event: 674.331 Thread 0x14eac800 nmethod 3785 0x02976088 code [0x02976190, 0x0297624c]
Event: 674.402 Thread 0x14eac800 3786   !         org.apache.catalina.loader.WebappClassLoaderBase::checkThreadLocalMapForLeaks (403 bytes)
Event: 674.406 Thread 0x14eac800 nmethod 3786 0x028b7008 code [0x028b7350, 0x028b81f4]

GC Heap History (10 events):
Event: 625.071 GC heap before
{Heap before GC invocations=139 (full 7):
 def new generation   total 15488K, used 14863K [0x04800000, 0x058c0000, 0x09d50000)
  eden space 13824K, 100% used [0x04800000, 0x05580000, 0x05580000)
  from space 1664K,  62% used [0x05720000, 0x05823d48, 0x058c0000)
  to   space 1664K,   0% used [0x05580000, 0x05580000, 0x05720000)
 tenured generation   total 34140K, used 21570K [0x09d50000, 0x0bea7000, 0x14800000)
   the space 34140K,  63% used [0x09d50000, 0x0b260830, 0x0b260a00, 0x0bea7000)
 Metaspace       used 22591K, capacity 22972K, committed 23040K, reserved 23936K
Event: 625.077 GC heap after
Heap after GC invocations=140 (full 7):
 def new generation   total 15488K, used 1664K [0x04800000, 0x058c0000, 0x09d50000)
  eden space 13824K,   0% used [0x04800000, 0x04800000, 0x05580000)
  from space 1664K, 100% used [0x05580000, 0x05720000, 0x05720000)
  to   space 1664K,   0% used [0x05720000, 0x05720000, 0x058c0000)
 tenured generation   total 34140K, used 22213K [0x09d50000, 0x0bea7000, 0x14800000)
   the space 34140K,  65% used [0x09d50000, 0x0b3016a8, 0x0b301800, 0x0bea7000)
 Metaspace       used 22591K, capacity 22972K, committed 23040K, reserved 23936K
}
Event: 625.276 GC heap before
{Heap before GC invocations=140 (full 7):
 def new generation   total 15488K, used 15488K [0x04800000, 0x058c0000, 0x09d50000)
  eden space 13824K, 100% used [0x04800000, 0x05580000, 0x05580000)
  from space 1664K, 100% used [0x05580000, 0x05720000, 0x05720000)
  to   space 1664K,   0% used [0x05720000, 0x05720000, 0x058c0000)
 tenured generation   total 34140K, used 22213K [0x09d50000, 0x0bea7000, 0x14800000)
   the space 34140K,  65% used [0x09d50000, 0x0b3016a8, 0x0b301800, 0x0bea7000)
 Metaspace       used 22628K, capacity 23020K, committed 23040K, reserved 23936K
Event: 625.286 GC heap after
Heap after GC invocations=141 (full 7):
 def new generation   total 15488K, used 1408K [0x04800000, 0x058c0000, 0x09d50000)
  eden space 13824K,   0% used [0x04800000, 0x04800000, 0x05580000)
  from space 1664K,  84% used [0x05720000, 0x058803b0, 0x058c0000)
  to   space 1664K,   0% used [0x05580000, 0x05580000, 0x05720000)
 tenured generation   total 34140K, used 23828K [0x09d50000, 0x0bea7000, 0x14800000)
   the space 34140K,  69% used [0x09d50000, 0x0b495120, 0x0b495200, 0x0bea7000)
 Metaspace       used 22628K, capacity 23020K, committed 23040K, reserved 23936K
}
Event: 625.511 GC heap before
{Heap before GC invocations=141 (full 7):
 def new generation   total 15488K, used 15232K [0x04800000, 0x058c0000, 0x09d50000)
  eden space 13824K, 100% used [0x04800000, 0x05580000, 0x05580000)
  from space 1664K,  84% used [0x05720000, 0x058803b0, 0x058c0000)
  to   space 1664K,   0% used [0x05580000, 0x05580000, 0x05720000)
 tenured generation   total 34140K, used 23828K [0x09d50000, 0x0bea7000, 0x14800000)
   the space 34140K,  69% used [0x09d50000, 0x0b495120, 0x0b495200, 0x0bea7000)
 Metaspace       used 22635K, capacity 23030K, committed 23040K, reserved 23936K
Event: 625.517 GC heap after
Heap after GC invocations=142 (full 7):
 def new generation   total 15488K, used 899K [0x04800000, 0x058c0000, 0x09d50000)
  eden space 13824K,   0% used [0x04800000, 0x04800000, 0x05580000)
  from space 1664K,  54% used [0x05580000, 0x05660db8, 0x05720000)
  to   space 1664K,   0% used [0x05720000, 0x05720000, 0x058c0000)
 tenured generation   total 34140K, used 25164K [0x09d50000, 0x0bea7000, 0x14800000)
   the space 34140K,  73% used [0x09d50000, 0x0b5e3228, 0x0b5e3400, 0x0bea7000)
 Metaspace       used 22635K, capacity 23030K, committed 23040K, reserved 23936K
}
Event: 655.035 GC heap before
{Heap before GC invocations=142 (full 7):
 def new generation   total 15488K, used 14723K [0x04800000, 0x058c0000, 0x09d50000)
  eden space 13824K, 100% used [0x04800000, 0x05580000, 0x05580000)
  from space 1664K,  54% used [0x05580000, 0x05660db8, 0x05720000)
  to   space 1664K,   0% used [0x05720000, 0x05720000, 0x058c0000)
 tenured generation   total 34140K, used 25164K [0x09d50000, 0x0bea7000, 0x14800000)
   the space 34140K,  73% used [0x09d50000, 0x0b5e3228, 0x0b5e3400, 0x0bea7000)
 Metaspace       used 22635K, capacity 23030K, committed 23040K, reserved 23936K
Event: 655.039 GC heap after
Heap after GC invocations=143 (full 7):
 def new generation   total 15488K, used 482K [0x04800000, 0x058c0000, 0x09d50000)
  eden space 13824K,   0% used [0x04800000, 0x04800000, 0x05580000)
  from space 1664K,  29% used [0x05720000, 0x05798a50, 0x058c0000)
  to   space 1664K,   0% used [0x05580000, 0x05580000, 0x05720000)
 tenured generation   total 34140K, used 25878K [0x09d50000, 0x0bea7000, 0x14800000)
   the space 34140K,  75% used [0x09d50000, 0x0b695910, 0x0b695a00, 0x0bea7000)
 Metaspace       used 22635K, capacity 23030K, committed 23040K, reserved 23936K
}
Event: 674.408 GC heap before
{Heap before GC invocations=143 (full 7):
 def new generation   total 15488K, used 12917K [0x04800000, 0x058c0000, 0x09d50000)
  eden space 13824K,  89% used [0x04800000, 0x05424b10, 0x05580000)
  from space 1664K,  29% used [0x05720000, 0x05798a50, 0x058c0000)
  to   space 1664K,   0% used [0x05580000, 0x05580000, 0x05720000)
 tenured generation   total 34140K, used 25878K [0x09d50000, 0x0bea7000, 0x14800000)
   the space 34140K,  75% used [0x09d50000, 0x0b695910, 0x0b695a00, 0x0bea7000)
 Metaspace       used 22648K, capacity 23032K, committed 23040K, reserved 23936K
Event: 674.477 GC heap after
Heap after GC invocations=144 (full 8):
 def new generation   total 15488K, used 0K [0x04800000, 0x058c0000, 0x09d50000)
  eden space 13824K,   0% used [0x04800000, 0x04800000, 0x05580000)
  from space 1664K,   0% used [0x05720000, 0x05720000, 0x058c0000)
  to   space 1664K,   0% used [0x05580000, 0x05580000, 0x05720000)
 tenured generation   total 34140K, used 20399K [0x09d50000, 0x0bea7000, 0x14800000)
   the space 34140K,  59% used [0x09d50000, 0x0b13bdf8, 0x0b13be00, 0x0bea7000)
 Metaspace       used 22608K, capacity 22969K, committed 23040K, reserved 23936K
}

Deoptimization events (0 events):
No events

Internal exceptions (10 events):
Event: 625.321 Thread 0x1759fc00 Exception <a 'java/lang/ArrayIndexOutOfBoundsException'> (0x0499f5b0) thrown at [C:\re\workspace\8-2-build-windows-i586-cygwin\jdk8u45\3627\hotspot\src\share\vm\runtime\sharedRuntime.cpp, line 605]
Event: 625.321 Thread 0x1759fc00 Exception <a 'java/lang/ArrayIndexOutOfBoundsException'> (0x049b1210) thrown at [C:\re\workspace\8-2-build-windows-i586-cygwin\jdk8u45\3627\hotspot\src\share\vm\runtime\sharedRuntime.cpp, line 605]
Event: 625.322 Thread 0x1759fc00 Exception <a 'java/lang/ArrayIndexOutOfBoundsException'> (0x049b2b20) thrown at [C:\re\workspace\8-2-build-windows-i586-cygwin\jdk8u45\3627\hotspot\src\share\vm\runtime\sharedRuntime.cpp, line 605]
Event: 625.325 Thread 0x1759fc00 Exception <a 'java/lang/ArrayIndexOutOfBoundsException'> (0x049e2860) thrown at [C:\re\workspace\8-2-build-windows-i586-cygwin\jdk8u45\3627\hotspot\src\share\vm\runtime\sharedRuntime.cpp, line 605]
Event: 625.328 Thread 0x1759fc00 Exception <a 'java/lang/ArrayIndexOutOfBoundsException'> (0x04a1f4a8) thrown at [C:\re\workspace\8-2-build-windows-i586-cygwin\jdk8u45\3627\hotspot\src\share\vm\runtime\sharedRuntime.cpp, line 605]
Event: 625.352 Thread 0x1759fc00 Exception <a 'java/lang/ArrayIndexOutOfBoundsException'> (0x04b64408) thrown at [C:\re\workspace\8-2-build-windows-i586-cygwin\jdk8u45\3627\hotspot\src\share\vm\runtime\sharedRuntime.cpp, line 605]
Event: 625.366 Thread 0x1759fc00 Exception <a 'java/lang/ArrayIndexOutOfBoundsException'> (0x04c4c130) thrown at [C:\re\workspace\8-2-build-windows-i586-cygwin\jdk8u45\3627\hotspot\src\share\vm\runtime\sharedRuntime.cpp, line 605]
Event: 674.386 Thread 0x15e12c00 Exception <a 'java/lang/InterruptedException': sleep interrupted> (0x048427a8) thrown at [C:\re\workspace\8-2-build-windows-i586-cygwin\jdk8u45\3627\hotspot\src\share\vm\prims\jvm.cpp, line 3211]
Event: 674.407 Thread 0x15e12000 Exception <a 'java/lang/InterruptedException': sleep interrupted> (0x054136c8) thrown at [C:\re\workspace\8-2-build-windows-i586-cygwin\jdk8u45\3627\hotspot\src\share\vm\prims\jvm.cpp, line 3211]
Event: 674.842 Thread 0x15e12c00 Exception <a 'java/lang/reflect/InvocationTargetException'> (0x04810f90) thrown at [C:\re\workspace\8-2-build-windows-i586-cygwin\jdk8u45\3627\hotspot\src\share\vm\runtime\reflection.cpp, line 1080]

Events (10 events):
Event: 674.842 Thread 0x15e12c00 DEOPT UNPACKING pc=0x026dc5db sp=0x1925f21c mode 1
Event: 674.842 loading class java/lang/Throwable$WrappedPrintStream
Event: 674.842 loading class java/lang/Throwable$PrintStreamOrWriter
Event: 674.842 loading class java/lang/Throwable$PrintStreamOrWriter done
Event: 674.842 loading class java/lang/Throwable$WrappedPrintStream done
Event: 674.843 loading class java/util/IdentityHashMap$KeySet
Event: 674.843 loading class java/util/IdentityHashMap$KeySet done
Event: 674.843 Thread 0x15e12c00 Thread exited: 0x15e12c00
Event: 674.845 Thread 0x15e12c00 Thread added: 0x15e12c00
Event: 678.104 Executing VM operation: RedefineClasses


Dynamic libraries:
0x01260000 - 0x01293000 	C:\Program Files (x86)\Java\jre1.8.0_45\bin\javaw.exe
0x776f0000 - 0x77870000 	C:\Windows\SysWOW64\ntdll.dll
0x768c0000 - 0x769d0000 	C:\Windows\syswow64\kernel32.dll
0x77280000 - 0x772c7000 	C:\Windows\syswow64\KERNELBASE.dll
0x75880000 - 0x75921000 	C:\Windows\syswow64\ADVAPI32.dll
0x769d0000 - 0x76a7c000 	C:\Windows\syswow64\msvcrt.dll
0x772d0000 - 0x772e9000 	C:\Windows\SysWOW64\sechost.dll
0x767d0000 - 0x768c0000 	C:\Windows\syswow64\RPCRT4.dll
0x74fe0000 - 0x75040000 	C:\Windows\syswow64\SspiCli.dll
0x74fd0000 - 0x74fdc000 	C:\Windows\syswow64\CRYPTBASE.dll
0x75440000 - 0x75540000 	C:\Windows\syswow64\USER32.dll
0x76fa0000 - 0x77030000 	C:\Windows\syswow64\GDI32.dll
0x75040000 - 0x7504a000 	C:\Windows\syswow64\LPK.dll
0x76720000 - 0x767bd000 	C:\Windows\syswow64\USP10.dll
0x72980000 - 0x72b1e000 	C:\Windows\WinSxS\x86_microsoft.windows.common-controls_6595b64144ccf1df_6.0.7601.18837_none_41e855142bd5705d\COMCTL32.dll
0x77030000 - 0x77087000 	C:\Windows\syswow64\SHLWAPI.dll
0x76ce0000 - 0x76d40000 	C:\Windows\system32\IMM32.DLL
0x75600000 - 0x756cd000 	C:\Windows\syswow64\MSCTF.dll
0x54720000 - 0x547df000 	C:\Program Files (x86)\Java\jre1.8.0_45\bin\msvcr100.dll
0x53e90000 - 0x54250000 	C:\Program Files (x86)\Java\jre1.8.0_45\bin\client\jvm.dll
0x719e0000 - 0x719e7000 	C:\Windows\system32\WSOCK32.dll
0x755b0000 - 0x755e5000 	C:\Windows\syswow64\WS2_32.dll
0x767c0000 - 0x767c6000 	C:\Windows\syswow64\NSI.dll
0x624e0000 - 0x62512000 	C:\Windows\system32\WINMM.dll
0x73060000 - 0x73069000 	C:\Windows\system32\VERSION.dll
0x751b0000 - 0x751b5000 	C:\Windows\syswow64\PSAPI.DLL
0x73cc0000 - 0x73ccc000 	C:\Program Files (x86)\Java\jre1.8.0_45\bin\verify.dll
0x615c0000 - 0x615e1000 	C:\Program Files (x86)\Java\jre1.8.0_45\bin\java.dll
0x555f0000 - 0x55619000 	C:\Program Files (x86)\Java\jre1.8.0_45\bin\jdwp.dll
0x61ae0000 - 0x61ae7000 	C:\Program Files (x86)\Java\jre1.8.0_45\bin\npt.dll
0x61c80000 - 0x61c93000 	C:\Program Files (x86)\Java\jre1.8.0_45\bin\zip.dll
0x75930000 - 0x7657c000 	C:\Windows\syswow64\SHELL32.dll
0x76ad0000 - 0x76c2d000 	C:\Windows\syswow64\ole32.dll
0x755f0000 - 0x755fb000 	C:\Windows\syswow64\profapi.dll
0x63750000 - 0x63758000 	C:\Program Files (x86)\Java\jre1.8.0_45\bin\dt_socket.dll
0x719b0000 - 0x719c0000 	C:\Windows\system32\NLAapi.dll
0x719a0000 - 0x719b0000 	C:\Windows\system32\napinsp.dll
0x71980000 - 0x71992000 	C:\Windows\system32\pnrpnsp.dll
0x71970000 - 0x7197d000 	C:\Windows\system32\wshbth.dll
0x71930000 - 0x7196c000 	C:\Windows\System32\mswsock.dll
0x718e0000 - 0x71924000 	C:\Windows\system32\DNSAPI.dll
0x718d0000 - 0x718d8000 	C:\Windows\System32\winrnr.dll
0x73aa0000 - 0x73abc000 	C:\Windows\system32\IPHLPAPI.DLL
0x73a90000 - 0x73a97000 	C:\Windows\system32\WINNSI.DLL
0x718c0000 - 0x718cd000 	C:\Windows\system32\dhcpcsvc6.DLL
0x719c0000 - 0x719d2000 	C:\Windows\system32\dhcpcsvc.DLL
0x71880000 - 0x718b8000 	C:\Windows\System32\fwpuclnt.dll
0x71870000 - 0x71876000 	C:\Windows\system32\rasadhlp.dll
0x71860000 - 0x71865000 	C:\Windows\System32\wshtcpip.dll
0x60620000 - 0x6062a000 	C:\Program Files (x86)\Java\jre1.8.0_45\bin\management.dll
0x61df0000 - 0x61e05000 	C:\Program Files (x86)\Java\jre1.8.0_45\bin\net.dll
0x71f40000 - 0x71f46000 	C:\Windows\System32\wship6.dll
0x73de0000 - 0x73def000 	C:\Program Files (x86)\Java\jre1.8.0_45\bin\nio.dll
0x728c0000 - 0x728d7000 	C:\Windows\system32\CRYPTSP.dll
0x71b50000 - 0x71b8b000 	C:\Windows\system32\rsaenh.dll
0x76cc0000 - 0x76cd7000 	C:\Windows\syswow64\USERENV.dll
0x72470000 - 0x7255b000 	C:\Windows\system32\dbghelp.dll

VM Arguments:
jvm_args: -agentlib:jdwp=transport=dt_socket,suspend=y,address=localhost:54860 -Dfile.encoding=UTF-8 
java_command: Application
java_class_path (initial): D:\workspace_medtech\ancloud-fs\target\classes;D:\m2\.m2\repository\org\springframework\boot\spring-boot-starter-web\1.4.2.RELEASE\spring-boot-starter-web-1.4.2.RELEASE.jar;D:\m2\.m2\repository\org\springframework\boot\spring-boot-starter\1.4.2.RELEASE\spring-boot-starter-1.4.2.RELEASE.jar;D:\m2\.m2\repository\org\springframework\boot\spring-boot-starter-logging\1.4.2.RELEASE\spring-boot-starter-logging-1.4.2.RELEASE.jar;D:\m2\.m2\repository\ch\qos\logback\logback-classic\1.1.7\logback-classic-1.1.7.jar;D:\m2\.m2\repository\ch\qos\logback\logback-core\1.1.7\logback-core-1.1.7.jar;D:\m2\.m2\repository\org\slf4j\jcl-over-slf4j\1.7.21\jcl-over-slf4j-1.7.21.jar;D:\m2\.m2\repository\org\slf4j\jul-to-slf4j\1.7.21\jul-to-slf4j-1.7.21.jar;D:\m2\.m2\repository\org\slf4j\log4j-over-slf4j\1.7.21\log4j-over-slf4j-1.7.21.jar;D:\m2\.m2\repository\org\yaml\snakeyaml\1.17\snakeyaml-1.17.jar;D:\m2\.m2\repository\org\springframework\boot\spring-boot-starter-tomcat\1.4.2.RELEASE\spring-boot-starter-tomcat-1.4.2.RELEASE.jar;D:\m2\.m2\repository\org\apache\tomcat\embed\tomcat-embed-core\8.5.6\tomcat-embed-core-8.5.6.jar;D:\m2\.m2\repository\org\apache\tomcat\embed\tomcat-embed-el\8.5.6\tomcat-embed-el-8.5.6.jar;D:\m2\.m2\repository\org\apache\tomcat\embed\tomcat-embed-websocket\8.5.6\tomcat-embed-websocket-8.5.6.jar;D:\m2\.m2\repository\org\hibernate\hibernate-validator\5.2.4.Final\hibernate-validator-5.2.4.Final.jar;D:\m2\.m2\repository\javax\validation\validation-api\1.1.0.Final\validation-api-1.1.0.Final.jar;D:\m2\.m2\repository\org\jboss\logging\jboss-logging\3.3.0.Final\jboss-logging-3.3.0.Final.jar;D:\m2\.m2\repository\com\fasterxml\classmate\1.3.3\classmate-1.3.3.jar;D:\m2\.m2\repository\com\fasterxml\jackson\core\jackson-databind\2.8.4\jackson-databind-2.8.4.jar;D:\m2\.m2\repository\com\fasterxml\jackson\core\jackson-annotations\2.8.4\jackson-annotations-2.8.4.jar;D:\m2\.m2\repository\com\fasterxml\jackson\core\jackson-core\2.8.4\jackson-core-2.8.4.j
Launcher Type: SUN_STANDARD

Environment Variables:
JAVA_HOME=C:\Program Files (x86)\Java\jdk1.8.0_45
CLASSPATH=C:\Program Files (x86)\Java\jdk1.8.0_45\lib;C:\Program Files (x86)\Java\jre1.8.0_45\lib
PATH=C:/Program Files (x86)/Java/jre1.8.0_45/bin/client;C:/Program Files (x86)/Java/jre1.8.0_45/bin;C:/Program Files (x86)/Java/jre1.8.0_45/lib/i386;C:\ProgramData\Oracle\Java\javapath;C:\Windows\system32;C:\Windows;C:\Windows\System32\Wbem;C:\Windows\System32\WindowsPowerShell\v1.0\;C:\Program Files\Intel\WiFi\bin\;C:\Program Files\Common Files\Intel\WirelessCommon\;C:\Program Files (x86)\Intel\OpenCL SDK\3.0\bin\x86;C:\Program Files (x86)\Intel\OpenCL SDK\3.0\bin\x64;C:\Program Files (x86)\Java\jdk1.8.0_45\bin;C:\Program Files (x86)\Java\jre1.8.0_45\bin;C:\Program Files\TortoiseSVN\bin;C:\Program Files (x86)\Skype\Phone\;C:\Program Files\TortoiseGit\bin;C:\Program Files\Intel\WiFi\bin\;C:\Program Files\Common Files\Intel\WirelessCommon\;C:\AppServ\Apache2.2\bin;C:\AppServ\php6;C:\Program Files\RabbitMQ Server\rabbitmq_server-3.6.5\sbin;C:\Python27;C:\Users\RD\bin\spring-tool-suite-3.6.4.RELEASE-e4.4.2-win32\sts-bundle\sts-3.6.4.RELEASE;
USERNAME=henn
OS=Windows_NT
PROCESSOR_IDENTIFIER=Intel64 Family 6 Model 69 Stepping 1, GenuineIntel



---------------  S Y S T E M  ---------------

OS: Windows 7 , 64 bit Build 7601 (6.1.7601.23569)

CPU:total 4 (2 cores per cpu, 2 threads per core) family 6 model 69 stepping 1, cmov, cx8, fxsr, mmx, sse, sse2, sse3, ssse3, sse4.1, sse4.2, popcnt, avx, avx2, aes, clmul, erms, lzcnt, ht, tsc, tscinvbit, bmi1, bmi2

Memory: 4k page, physical 7255836k(1626488k free), swap 15445976k(7934196k free)

vm_info: Java HotSpot(TM) Client VM (25.45-b02) for windows-x86 JRE (1.8.0_45-b15), built on Apr 30 2015 12:31:00 by "java_re" with MS VC++ 10.0 (VS2010)

time: Wed Nov 23 10:00:28 2016
elapsed time: 678 seconds (0d 0h 11m 18s)

